C:\DEV\PLANTILLA_PROYECTO_TEXTURE_SHADER01\PLANTILLAOPENGL01\DEBUG\GLM.OBJ
C:\DEV\PLANTILLA_PROYECTO_TEXTURE_SHADER01\PLANTILLAOPENGL01\DEBUG\GLSL.OBJ
C:\DEV\PLANTILLA_PROYECTO_TEXTURE_SHADER01\PLANTILLAOPENGL01\DEBUG\VC110.PDB
C:\DEV\PLANTILLA_PROYECTO_TEXTURE_SHADER01\PLANTILLAOPENGL01\DEBUG\MAINSHADER01.OBJ
C:\DEV\PLANTILLA_PROYECTO_TEXTURE_SHADER01\DEBUG\PLANTILLAOPENGL01.ILK
C:\DEV\PLANTILLA_PROYECTO_TEXTURE_SHADER01\DEBUG\PLANTILLAOPENGL01.EXE
C:\DEV\PLANTILLA_PROYECTO_TEXTURE_SHADER01\DEBUG\PLANTILLAOPENGL01.PDB
C:\dev\Plantilla_Proyecto_Texture_Shader01\PlantillaOpenGL01\Debug\glm.obj
C:\dev\Plantilla_Proyecto_Texture_Shader01\PlantillaOpenGL01\Debug\glsl.obj
C:\dev\Plantilla_Proyecto_Texture_Shader01\PlantillaOpenGL01\Debug\mainShader01.obj
C:\dev\Plantilla_Proyecto_Texture_Shader01\PlantillaOpenGL01\Debug\cl.command.1.tlog
C:\dev\Plantilla_Proyecto_Texture_Shader01\PlantillaOpenGL01\Debug\CL.read.1.tlog
C:\dev\Plantilla_Proyecto_Texture_Shader01\PlantillaOpenGL01\Debug\CL.write.1.tlog
C:\dev\Plantilla_Proyecto_Texture_Shader01\PlantillaOpenGL01\Debug\link-cvtres.read.1.tlog
C:\dev\Plantilla_Proyecto_Texture_Shader01\PlantillaOpenGL01\Debug\link-cvtres.write.1.tlog
C:\dev\Plantilla_Proyecto_Texture_Shader01\PlantillaOpenGL01\Debug\link-rc.read.1.tlog
C:\dev\Plantilla_Proyecto_Texture_Shader01\PlantillaOpenGL01\Debug\link-rc.write.1.tlog
C:\dev\Plantilla_Proyecto_Texture_Shader01\PlantillaOpenGL01\Debug\link.3816-cvtres.read.1.tlog
C:\dev\Plantilla_Proyecto_Texture_Shader01\PlantillaOpenGL01\Debug\link.3816-cvtres.write.1.tlog
C:\dev\Plantilla_Proyecto_Texture_Shader01\PlantillaOpenGL01\Debug\link.3816-rc.read.1.tlog
C:\dev\Plantilla_Proyecto_Texture_Shader01\PlantillaOpenGL01\Debug\link.3816-rc.write.1.tlog
C:\dev\Plantilla_Proyecto_Texture_Shader01\PlantillaOpenGL01\Debug\link.3816.read.1.tlog
C:\dev\Plantilla_Proyecto_Texture_Shader01\PlantillaOpenGL01\Debug\link.3816.write.1.tlog
C:\dev\Plantilla_Proyecto_Texture_Shader01\PlantillaOpenGL01\Debug\link.command.1.tlog
C:\dev\Plantilla_Proyecto_Texture_Shader01\PlantillaOpenGL01\Debug\link.read.1.tlog
C:\dev\Plantilla_Proyecto_Texture_Shader01\PlantillaOpenGL01\Debug\link.write.1.tlog
C:\dev\Plantilla_Proyecto_Texture_Shader01\PlantillaOpenGL01\Debug\vc110.idb
C:\dev\Plantilla_Proyecto_Texture_Shader01\PlantillaOpenGL01\Debug\vc110.pdb
C:\dev\Plantilla_Proyecto_Texture_Shader01\Debug\PlantillaOpenGL01.pdb
C:\dev\Plantilla_Proyecto_Texture_Shader01\Debug\PlantillaOpenGL01.exe
C:\dev\Plantilla_Proyecto_Texture_Shader01\Debug\PlantillaOpenGL01.ilk
